<?xml version="1.0" encoding="UTF-8"?>
<!-- Generated by org.testng.reporters.JUnitReportReporter -->
<testsuite hostname="LAPTOP-6JPNJQ9R" failures="0" tests="1" name="practice.TestNG.SignUpDemo" time="0.013" errors="0" timestamp="2024-11-27T10:11:09 SAST" skipped="0">
  <testcase classname="practice.TestNG.SignUpDemo" name="createAccount" time="0.013"/>
  <system-out/>
</testsuite> <!-- practice.TestNG.SignUpDemo -->
