<?xml version="1.0" encoding="UTF-8"?>
<!-- Generated by org.testng.reporters.JUnitReportReporter -->
<testsuite hostname="LAPTOP-6JPNJQ9R" failures="0" tests="2" name="practice.TestNG.GroupDemo" time="0.004" errors="0" timestamp="2024-11-27T10:11:09 SAST" skipped="0">
  <testcase classname="practice.TestNG.GroupDemo" name="resetPassword_2" time="0.001"/>
  <system-out/>
  <testcase classname="practice.TestNG.GroupDemo" name="login_1" time="0.003"/>
  <system-out/>
</testsuite> <!-- practice.TestNG.GroupDemo -->
