<?xml version="1.0" encoding="UTF-8"?>
<!-- Generated by org.testng.reporters.JUnitReportReporter -->
<testsuite hostname="LAPTOP-6JPNJQ9R" failures="0" tests="1" name="practiceClass" time="17.847" errors="0" timestamp="2024-11-23T15:34:22 SAST" skipped="0">
  <testcase classname="practiceClass" name="login" time="17.847"/>
  <system-out/>
</testsuite> <!-- practiceClass -->
