<?xml version="1.0" encoding="UTF-8"?>
<!-- Generated by org.testng.reporters.JUnitReportReporter -->
<testsuite hostname="LAPTOP-6JPNJQ9R" failures="0" tests="1" name="com.orangeHrm.test.HomePageTest" time="4.581" errors="0" timestamp="2025-01-03T13:26:42 SAST" skipped="0">
  <testcase classname="com.orangeHrm.test.HomePageTest" name="logoutOfHomePage" time="4.581"/>
  <system-out/>
</testsuite> <!-- com.orangeHrm.test.HomePageTest -->
