<?xml version="1.0" encoding="UTF-8"?>
<!-- Generated by org.testng.reporters.JUnitReportReporter -->
<testsuite hostname="LAPTOP-6JPNJQ9R" failures="0" tests="7" name="priorityTest" time="0.022" errors="0" timestamp="2024-11-26T09:11:39 SAST" skipped="0">
  <testcase classname="priorityTest" name="d" time="0.001"/>
  <system-out/>
  <testcase classname="priorityTest" name="d" time="0.015"/>
  <system-out/>
  <testcase classname="priorityTest" name="d" time="0.002"/>
  <system-out/>
  <testcase classname="priorityTest" name="duplicate2" time="0.001"/>
  <system-out/>
  <testcase classname="priorityTest" name="duplicate1" time="0.001"/>
  <system-out/>
  <testcase classname="priorityTest" name="c" time="0.001"/>
  <system-out/>
  <testcase classname="priorityTest" name="a" time="0.001"/>
  <system-out/>
</testsuite> <!-- priorityTest -->
