<?xml version="1.0" encoding="UTF-8"?>
<!-- Generated by org.testng.reporters.JUnitReportReporter -->
<testsuite hostname="LAPTOP-6JPNJQ9R" failures="0" tests="1" name="Synchronization" time="11.428" errors="0" timestamp="2024-11-22T14:28:51 SAST" skipped="0">
  <testcase classname="Synchronization" name="clickLink" time="11.428"/>
  <system-out/>
</testsuite> <!-- Synchronization -->
