<?xml version="1.0" encoding="UTF-8"?>
<!-- Generated by org.testng.reporters.JUnitReportReporter -->
<testsuite hostname="LAPTOP-6JPNJQ9R" failures="0" tests="1" name="com.orangeHrm.test.LoginTest" time="4.252" errors="0" timestamp="2025-01-03T13:26:42 SAST" skipped="0">
  <testcase classname="com.orangeHrm.test.LoginTest" name="loginWithValidUsernameAndPassword" time="4.252"/>
  <system-out/>
</testsuite> <!-- com.orangeHrm.test.LoginTest -->
